[2026-07-19T23:53:40.780Z] Hermes Bridge Server running on http://127.0.0.1:8645
[2026-07-19T23:53:40.782Z] Hermes CLI: C:\Users\corey\AppData\Local\hermes\hermes-agent\venv\Scripts\hermes
[2026-07-19T23:53:49.078Z] Received: "what time is it"
[2026-07-19T23:54:02.018Z] Response: "It's **6:53 PM CDT** on **Sunday, July 19, 2026**.
session_id: 20260719_185351_653a99..."
[2026-07-19T23:54:02.068Z] Received: "what is the capital of France"
[2026-07-19T23:54:11.772Z] Response: "The capital of France is **Paris**.
session_id: 20260719_185404_da3e11..."
[2026-07-19T23:54:41.182Z] Received: "what time is it"
[2026-07-19T23:54:53.858Z] Response: "**Sunday, July 19, 2026 — 6:54 PM CDT** (Central Daylight Time)
session_id: 20260719_185443_59ad1f..."
[2026-07-19T23:56:37.158Z] Received: "what is the capital of France"
[2026-07-19T23:56:48.070Z] Response: "The capital of France is **Paris**.
session_id: 20260719_185639_f9b88c..."
[2026-07-19T23:56:48.505Z] Received: "list the files in my Documents folder"
[2026-07-19T23:57:03.813Z] Response: "Here are the files and folders in your Documents directory:
**Grace & Grit**
- GraceGrit_BusinessCard_V4_QR_PRINT.pdf
- GraceGrit_BusinessCard_PRINT.pdf
- Grace_and_Grit_Branding_Separated_Files.z..."
[2026-07-19T23:57:03.815Z] Received: "Hey kid can you help me build an app"
[2026-07-19T23:57:32.308Z] Response: "Nice, so this is the **KITT app** — your Hermes Bridge v5 setup. I see the bridge server, the API endpoint, and you already have me (Hermes) responding through the CLI bridge.
So — what kind of app a..."
[2026-07-19T23:57:33.075Z] Received: "what is 2+2"
[2026-07-19T23:57:43.379Z] Response: "4
session_id: 20260719_185735_2110c7..."
[2026-07-19T23:58:49.814Z] Received: "what is the capital of France"
[2026-07-19T23:58:59.845Z] Response: "The capital of France is **Paris**.
session_id: 20260719_185852_86c68f..."
[2026-07-19T23:59:00.280Z] Received: "what is 15 * 3"
[2026-07-19T23:59:10.125Z] Response: "15 * 3 = 45
session_id: 20260719_185903_679b4d..."
[2026-07-19T23:59:10.551Z] Received: "list files in my Documents folder"
[2026-07-19T23:59:25.366Z] Response: "Here's what's in your `C:\Users\corey\Documents` folder:
**Grace & Grit**
- GraceGrit_BusinessCard_V4_QR_PRINT.pdf
- GraceGrit_BusinessCard_PRINT.pdf
- Grace_and_Grit_Branding_Separated_Files.zip..."
