{"level":"info","time":"2026-07-20T00:40:44Z","message":"Thank you for trying Cloudflare Tunnel. Doing so, without a Cloudflare account, is a quick way to experiment and try it out. However, be aware that these account-less Tunnels have no uptime guarantee, are subject to the Cloudflare Online Services Terms of Use (https://www.cloudflare.com/website-terms/), and Cloudflare reserves the right to investigate your use of Tunnels for violations of such terms. If you intend to use Tunnels in production you should use a pre-created named tunnel by following: https://developers.cloudflare.com/cloudflare-one/connections/connect-apps"}
{"level":"info","time":"2026-07-20T00:40:44Z","message":"Requesting new quick Tunnel on trycloudflare.com..."}
{"level":"info","time":"2026-07-20T00:40:48Z","message":"+--------------------------------------------------------------------------------------------+"}
{"level":"info","time":"2026-07-20T00:40:48Z","message":"|  Your quick Tunnel has been created! Visit it at (it may take some time to be reachable):  |"}
{"level":"info","time":"2026-07-20T00:40:48Z","message":"|  https://flags-adaptor-mil-practitioner.trycloudflare.com                                  |"}
{"level":"info","time":"2026-07-20T00:40:48Z","message":"+--------------------------------------------------------------------------------------------+"}
{"level":"info","time":"2026-07-20T00:40:48Z","message":"Version 2026.7.2 (Checksum cdb5d4432f6ae1595654a692a51308b69d2bf7af961f5578d9391837cf072df9)"}
{"level":"info","time":"2026-07-20T00:40:48Z","message":"GOOS: windows, GOVersion: go1.26.4, GoArch: amd64"}
{"level":"info","time":"2026-07-20T00:40:48Z","message":"Settings: map[grace-period:10s ha-connections:1 logfile:C:/Users/corey/hermes-assistant/tunnel.log loglevel:info no-autoupdate:true p:quic protocol:quic retries:5 url:http://127.0.0.1:8644]"}
{"level":"info","time":"2026-07-20T00:40:48Z","message":"cloudflared will not automatically update on Windows systems."}
{"level":"info","time":"2026-07-20T00:40:48Z","message":"Generated Connector ID: 256d9377-0e8b-4a1e-8d6f-2d579297569a"}
{"level":"info","time":"2026-07-20T00:40:48Z","message":"Initial protocol quic"}
{"level":"info","time":"2026-07-20T00:40:48Z","message":"ICMP proxy will use 192.168.1.64 as source for IPv4"}
{"level":"info","time":"2026-07-20T00:40:48Z","message":"ICMP proxy will use 2605:59c1:40be:6610::e34 in zone Wi-Fi as source for IPv6"}
{"level":"info","time":"2026-07-20T00:40:48Z","message":"cloudflared does not support loading the system root certificate pool on Windows. Please use --origin-ca-pool <PATH> to specify the path to the certificate pool"}
{"level":"info","time":"2026-07-20T00:40:48Z","message":"ICMP proxy will use 192.168.1.64 as source for IPv4"}
{"level":"info","event":0,"ip":"2606:4700:a0::7","connIndex":0,"time":"2026-07-20T00:40:48Z","message":"Tunnel connection curve preferences: [X25519MLKEM768 CurveID(65074) CurveP256]"}
{"level":"info","time":"2026-07-20T00:40:48Z","message":"ICMP proxy will use 2605:59c1:40be:6610::e34 in zone Wi-Fi as source for IPv6"}
{"level":"info","time":"2026-07-20T00:40:48Z","message":"Starting metrics server on 127.0.0.1:20241/metrics"}
{"level":"info","time":"2026-07-20T00:40:48Z","message":"+-------------------------------------------------------------------------------------+"}
{"level":"info","time":"2026-07-20T00:40:48Z","message":"|                               CONNECTIVITY PRE-CHECKS                               |"}
{"level":"info","time":"2026-07-20T00:40:48Z","message":"+-------------------------------------------------------------------------------------+"}
{"level":"info","time":"2026-07-20T00:40:48Z","message":"|  COMPONENT         TARGET                     STATUS  DETAILS                       |"}
{"level":"info","time":"2026-07-20T00:40:48Z","message":"|  DNS Resolution    region1.v2.argotunnel.com  PASS    DNS Resolved successfully     |"}
{"level":"info","time":"2026-07-20T00:40:48Z","message":"|  DNS Resolution    region2.v2.argotunnel.com  PASS    DNS Resolved successfully     |"}
{"level":"info","time":"2026-07-20T00:40:48Z","message":"|  UDP Connectivity  region1.v2.argotunnel.com  PASS    QUIC connection successful    |"}
{"level":"info","time":"2026-07-20T00:40:48Z","message":"|  UDP Connectivity  region2.v2.argotunnel.com  PASS    QUIC connection successful    |"}
{"level":"info","time":"2026-07-20T00:40:48Z","message":"|  TCP Connectivity  region1.v2.argotunnel.com  PASS    HTTP/2 connection successful  |"}
{"level":"info","time":"2026-07-20T00:40:48Z","message":"|  TCP Connectivity  region2.v2.argotunnel.com  PASS    HTTP/2 connection successful  |"}
{"level":"info","time":"2026-07-20T00:40:48Z","message":"|  Cloudflare API    api.cloudflare.com:443     PASS    API is reachable              |"}
{"level":"info","time":"2026-07-20T00:40:48Z","message":"|                                                                                     |"}
{"level":"info","time":"2026-07-20T00:40:48Z","message":"|  SUMMARY: Environment is healthy. cloudflared will use 'quic' as primary protocol.  |"}
{"level":"info","time":"2026-07-20T00:40:48Z","message":"+-------------------------------------------------------------------------------------+"}
{"level":"info","run_id":"f39b8c86-8d2b-4b21-af27-fa5c1d170411","component":"DNS Resolution","target":"region1.v2.argotunnel.com","status":"pass","details":"DNS Resolved successfully","time":"2026-07-20T00:40:48Z","message":"precheck"}
{"level":"info","run_id":"f39b8c86-8d2b-4b21-af27-fa5c1d170411","component":"DNS Resolution","target":"region2.v2.argotunnel.com","status":"pass","details":"DNS Resolved successfully","time":"2026-07-20T00:40:48Z","message":"precheck"}
{"level":"info","run_id":"f39b8c86-8d2b-4b21-af27-fa5c1d170411","component":"UDP Connectivity","target":"region1.v2.argotunnel.com","status":"pass","details":"QUIC connection successful","time":"2026-07-20T00:40:48Z","message":"precheck"}
{"level":"info","run_id":"f39b8c86-8d2b-4b21-af27-fa5c1d170411","component":"UDP Connectivity","target":"region2.v2.argotunnel.com","status":"pass","details":"QUIC connection successful","time":"2026-07-20T00:40:48Z","message":"precheck"}
{"level":"info","run_id":"f39b8c86-8d2b-4b21-af27-fa5c1d170411","component":"TCP Connectivity","target":"region1.v2.argotunnel.com","status":"pass","details":"HTTP/2 connection successful","time":"2026-07-20T00:40:48Z","message":"precheck"}
{"level":"info","run_id":"f39b8c86-8d2b-4b21-af27-fa5c1d170411","component":"TCP Connectivity","target":"region2.v2.argotunnel.com","status":"pass","details":"HTTP/2 connection successful","time":"2026-07-20T00:40:48Z","message":"precheck"}
{"level":"info","run_id":"f39b8c86-8d2b-4b21-af27-fa5c1d170411","component":"Cloudflare API","target":"api.cloudflare.com:443","status":"pass","details":"API is reachable","time":"2026-07-20T00:40:48Z","message":"precheck"}
{"level":"info","run_id":"f39b8c86-8d2b-4b21-af27-fa5c1d170411","hard_fail":false,"suggested_protocol":"quic","time":"2026-07-20T00:40:48Z","message":"precheck complete"}
{"level":"info","event":0,"connection":"f6716ba3-4e70-4c16-9a6f-e489cff0fc4f","connIndex":0,"location":"ord15","ip":"2606:4700:a0::7","protocol":"quic","time":"2026-07-20T00:40:48Z","message":"Registered tunnel connection"}
{"level":"info","time":"2026-07-20T00:51:43Z","message":"Thank you for trying Cloudflare Tunnel. Doing so, without a Cloudflare account, is a quick way to experiment and try it out. However, be aware that these account-less Tunnels have no uptime guarantee, are subject to the Cloudflare Online Services Terms of Use (https://www.cloudflare.com/website-terms/), and Cloudflare reserves the right to investigate your use of Tunnels for violations of such terms. If you intend to use Tunnels in production you should use a pre-created named tunnel by following: https://developers.cloudflare.com/cloudflare-one/connections/connect-apps"}
{"level":"info","time":"2026-07-20T00:51:43Z","message":"Requesting new quick Tunnel on trycloudflare.com..."}
{"level":"info","time":"2026-07-20T00:51:47Z","message":"+--------------------------------------------------------------------------------------------+"}
{"level":"info","time":"2026-07-20T00:51:47Z","message":"|  Your quick Tunnel has been created! Visit it at (it may take some time to be reachable):  |"}
{"level":"info","time":"2026-07-20T00:51:47Z","message":"|  https://northeast-supplier-bunch-sacrifice.trycloudflare.com                              |"}
{"level":"info","time":"2026-07-20T00:51:47Z","message":"+--------------------------------------------------------------------------------------------+"}
{"level":"info","time":"2026-07-20T00:51:47Z","message":"Version 2026.7.2 (Checksum cdb5d4432f6ae1595654a692a51308b69d2bf7af961f5578d9391837cf072df9)"}
{"level":"info","time":"2026-07-20T00:51:47Z","message":"GOOS: windows, GOVersion: go1.26.4, GoArch: amd64"}
{"level":"info","time":"2026-07-20T00:51:47Z","message":"Settings: map[grace-period:10s ha-connections:1 logfile:C:/Users/corey/hermes-assistant/tunnel.log loglevel:info no-autoupdate:true p:quic protocol:quic retries:5 url:http://127.0.0.1:8644]"}
{"level":"info","time":"2026-07-20T00:51:47Z","message":"cloudflared will not automatically update on Windows systems."}
{"level":"info","time":"2026-07-20T00:51:47Z","message":"Generated Connector ID: 408b1e82-127a-4503-bf85-bd605c272449"}
{"level":"info","time":"2026-07-20T00:51:47Z","message":"Initial protocol quic"}
{"level":"info","time":"2026-07-20T00:51:47Z","message":"ICMP proxy will use 192.168.1.64 as source for IPv4"}
{"level":"info","time":"2026-07-20T00:51:47Z","message":"ICMP proxy will use 2605:59c1:40be:6610::e34 in zone Wi-Fi as source for IPv6"}
{"level":"info","time":"2026-07-20T00:51:47Z","message":"cloudflared does not support loading the system root certificate pool on Windows. Please use --origin-ca-pool <PATH> to specify the path to the certificate pool"}
{"level":"info","time":"2026-07-20T00:51:47Z","message":"ICMP proxy will use 192.168.1.64 as source for IPv4"}
{"level":"info","event":0,"ip":"2606:4700:a0::2","connIndex":0,"time":"2026-07-20T00:51:47Z","message":"Tunnel connection curve preferences: [X25519MLKEM768 CurveID(65074) CurveP256]"}
{"level":"info","time":"2026-07-20T00:51:47Z","message":"ICMP proxy will use 2605:59c1:40be:6610::e34 in zone Wi-Fi as source for IPv6"}
{"level":"info","time":"2026-07-20T00:51:47Z","message":"Starting metrics server on 127.0.0.1:20242/metrics"}
{"level":"info","time":"2026-07-20T00:51:47Z","message":"+-------------------------------------------------------------------------------------+"}
{"level":"info","time":"2026-07-20T00:51:47Z","message":"|                               CONNECTIVITY PRE-CHECKS                               |"}
{"level":"info","time":"2026-07-20T00:51:47Z","message":"+-------------------------------------------------------------------------------------+"}
{"level":"info","time":"2026-07-20T00:51:47Z","message":"|  COMPONENT         TARGET                     STATUS  DETAILS                       |"}
{"level":"info","time":"2026-07-20T00:51:47Z","message":"|  DNS Resolution    region1.v2.argotunnel.com  PASS    DNS Resolved successfully     |"}
{"level":"info","time":"2026-07-20T00:51:47Z","message":"|  DNS Resolution    region2.v2.argotunnel.com  PASS    DNS Resolved successfully     |"}
{"level":"info","time":"2026-07-20T00:51:47Z","message":"|  UDP Connectivity  region1.v2.argotunnel.com  PASS    QUIC connection successful    |"}
{"level":"info","time":"2026-07-20T00:51:47Z","message":"|  UDP Connectivity  region2.v2.argotunnel.com  PASS    QUIC connection successful    |"}
{"level":"info","event":0,"connection":"391a4a3c-2472-4854-afa8-7d82fe6636aa","connIndex":0,"location":"ord16","ip":"2606:4700:a0::2","protocol":"quic","time":"2026-07-20T00:51:47Z","message":"Registered tunnel connection"}
{"level":"info","time":"2026-07-20T00:51:47Z","message":"|  TCP Connectivity  region1.v2.argotunnel.com  PASS    HTTP/2 connection successful  |"}
{"level":"info","time":"2026-07-20T00:51:47Z","message":"|  TCP Connectivity  region2.v2.argotunnel.com  PASS    HTTP/2 connection successful  |"}
{"level":"info","time":"2026-07-20T00:51:47Z","message":"|  Cloudflare API    api.cloudflare.com:443     PASS    API is reachable              |"}
{"level":"info","time":"2026-07-20T00:51:47Z","message":"|                                                                                     |"}
{"level":"info","time":"2026-07-20T00:51:47Z","message":"|  SUMMARY: Environment is healthy. cloudflared will use 'quic' as primary protocol.  |"}
{"level":"info","time":"2026-07-20T00:51:47Z","message":"+-------------------------------------------------------------------------------------+"}
{"level":"info","run_id":"a1b72da8-e7fc-429e-87f8-2271134e4d03","component":"DNS Resolution","target":"region1.v2.argotunnel.com","status":"pass","details":"DNS Resolved successfully","time":"2026-07-20T00:51:47Z","message":"precheck"}
{"level":"info","run_id":"a1b72da8-e7fc-429e-87f8-2271134e4d03","component":"DNS Resolution","target":"region2.v2.argotunnel.com","status":"pass","details":"DNS Resolved successfully","time":"2026-07-20T00:51:47Z","message":"precheck"}
{"level":"info","run_id":"a1b72da8-e7fc-429e-87f8-2271134e4d03","component":"UDP Connectivity","target":"region1.v2.argotunnel.com","status":"pass","details":"QUIC connection successful","time":"2026-07-20T00:51:47Z","message":"precheck"}
{"level":"info","run_id":"a1b72da8-e7fc-429e-87f8-2271134e4d03","component":"UDP Connectivity","target":"region2.v2.argotunnel.com","status":"pass","details":"QUIC connection successful","time":"2026-07-20T00:51:47Z","message":"precheck"}
{"level":"info","run_id":"a1b72da8-e7fc-429e-87f8-2271134e4d03","component":"TCP Connectivity","target":"region1.v2.argotunnel.com","status":"pass","details":"HTTP/2 connection successful","time":"2026-07-20T00:51:47Z","message":"precheck"}
{"level":"info","run_id":"a1b72da8-e7fc-429e-87f8-2271134e4d03","component":"TCP Connectivity","target":"region2.v2.argotunnel.com","status":"pass","details":"HTTP/2 connection successful","time":"2026-07-20T00:51:47Z","message":"precheck"}
{"level":"info","run_id":"a1b72da8-e7fc-429e-87f8-2271134e4d03","component":"Cloudflare API","target":"api.cloudflare.com:443","status":"pass","details":"API is reachable","time":"2026-07-20T00:51:47Z","message":"precheck"}
{"level":"info","run_id":"a1b72da8-e7fc-429e-87f8-2271134e4d03","hard_fail":false,"suggested_protocol":"quic","time":"2026-07-20T00:51:47Z","message":"precheck complete"}
{"level":"error","event":0,"ip":"2606:4700:a0::2","connIndex":0,"error":"failed to accept QUIC stream: timeout: no recent network activity","time":"2026-07-20T10:55:08Z","message":"failed to accept incoming stream requests"}
{"level":"error","event":0,"ip":"2606:4700:a0::2","connIndex":0,"error":"timeout: no recent network activity","time":"2026-07-20T10:55:08Z","message":"failed to run the datagram handler"}
{"level":"error","event":0,"ip":"2606:4700:a0::2","connIndex":0,"error":"accept stream listener encountered a failure while serving","time":"2026-07-20T10:55:08Z","message":"failed to serve tunnel connection"}
{"level":"error","event":0,"ip":"2606:4700:a0::2","connIndex":0,"error":"accept stream listener encountered a failure while serving","time":"2026-07-20T10:55:08Z","message":"Serve tunnel error"}
{"level":"info","event":0,"ip":"2606:4700:a0::2","connIndex":0,"time":"2026-07-20T10:55:08Z","message":"Retrying connection in up to 1s"}
{"level":"error","event":0,"ip":"2606:4700:a0::7","connIndex":0,"error":"timeout: no recent network activity","time":"2026-07-20T10:55:09Z","message":"failed to run the datagram handler"}
{"level":"error","event":0,"ip":"2606:4700:a0::7","connIndex":0,"error":"failed to accept QUIC stream: timeout: no recent network activity","time":"2026-07-20T10:55:09Z","message":"failed to accept incoming stream requests"}
{"level":"error","event":0,"ip":"2606:4700:a0::7","connIndex":0,"error":"datagram manager encountered a failure while serving","time":"2026-07-20T10:55:09Z","message":"failed to serve tunnel connection"}
{"level":"error","event":0,"ip":"2606:4700:a0::7","connIndex":0,"error":"datagram manager encountered a failure while serving","time":"2026-07-20T10:55:09Z","message":"Serve tunnel error"}
{"level":"info","event":0,"ip":"2606:4700:a0::7","connIndex":0,"time":"2026-07-20T10:55:09Z","message":"Retrying connection in up to 1s"}
{"level":"info","event":0,"ip":"2606:4700:a0::2","connIndex":0,"time":"2026-07-20T10:55:09Z","message":"Tunnel connection curve preferences: [X25519MLKEM768 CurveID(65074) CurveP256]"}
{"level":"info","event":0,"ip":"2606:4700:a0::7","connIndex":0,"time":"2026-07-20T10:55:11Z","message":"Tunnel connection curve preferences: [X25519MLKEM768 CurveID(65074) CurveP256]"}
{"level":"info","event":0,"connection":"01d04ccc-d3fe-425c-9121-1785a2adec89","connIndex":0,"location":"ord15","ip":"2606:4700:a0::7","protocol":"quic","time":"2026-07-20T10:55:11Z","message":"Registered tunnel connection"}
{"level":"info","event":0,"connection":"8a361fbc-7f33-422b-94bb-d7216f4d720f","connIndex":0,"location":"ord16","ip":"2606:4700:a0::2","protocol":"quic","time":"2026-07-20T10:55:12Z","message":"Registered tunnel connection"}
{"level":"error","event":0,"ip":"2606:4700:a0::7","connIndex":0,"error":"timeout: no recent network activity","time":"2026-07-20T16:36:46Z","message":"failed to run the datagram handler"}
{"level":"error","event":0,"ip":"2606:4700:a0::7","connIndex":0,"error":"failed to accept QUIC stream: timeout: no recent network activity","time":"2026-07-20T16:36:46Z","message":"failed to accept incoming stream requests"}
{"level":"error","event":0,"ip":"2606:4700:a0::7","connIndex":0,"error":"datagram manager encountered a failure while serving","time":"2026-07-20T16:36:46Z","message":"failed to serve tunnel connection"}
{"level":"error","event":0,"ip":"2606:4700:a0::7","connIndex":0,"error":"datagram manager encountered a failure while serving","time":"2026-07-20T16:36:46Z","message":"Serve tunnel error"}
{"level":"info","event":0,"ip":"2606:4700:a0::7","connIndex":0,"time":"2026-07-20T16:36:46Z","message":"Retrying connection in up to 1s"}
{"level":"error","event":0,"ip":"2606:4700:a0::2","connIndex":0,"error":"timeout: no recent network activity","time":"2026-07-20T16:36:47Z","message":"failed to run the datagram handler"}
{"level":"error","event":0,"ip":"2606:4700:a0::2","connIndex":0,"error":"failed to accept QUIC stream: timeout: no recent network activity","time":"2026-07-20T16:36:47Z","message":"failed to accept incoming stream requests"}
{"level":"error","event":0,"ip":"2606:4700:a0::2","connIndex":0,"error":"datagram manager encountered a failure while serving","time":"2026-07-20T16:36:47Z","message":"failed to serve tunnel connection"}
{"level":"error","event":0,"ip":"2606:4700:a0::2","connIndex":0,"error":"datagram manager encountered a failure while serving","time":"2026-07-20T16:36:47Z","message":"Serve tunnel error"}
{"level":"info","event":0,"ip":"2606:4700:a0::2","connIndex":0,"time":"2026-07-20T16:36:47Z","message":"Retrying connection in up to 1s"}
{"level":"info","event":0,"ip":"2606:4700:a0::7","connIndex":0,"time":"2026-07-20T16:36:47Z","message":"Tunnel connection curve preferences: [X25519MLKEM768 CurveID(65074) CurveP256]"}
{"level":"info","event":0,"ip":"2606:4700:a0::2","connIndex":0,"time":"2026-07-20T16:36:48Z","message":"Tunnel connection curve preferences: [X25519MLKEM768 CurveID(65074) CurveP256]"}
{"level":"error","event":0,"ip":"2606:4700:a0::7","connIndex":0,"error":"failed to dial to edge with quic: timeout: no recent network activity","time":"2026-07-20T16:36:52Z","message":"Failed to dial a quic connection"}
{"level":"info","event":0,"ip":"2606:4700:a0::7","connIndex":0,"time":"2026-07-20T16:36:52Z","message":"Retrying connection in up to 4s"}
{"level":"error","event":0,"ip":"2606:4700:a0::2","connIndex":0,"error":"failed to dial to edge with quic: timeout: no recent network activity","time":"2026-07-20T16:36:53Z","message":"Failed to dial a quic connection"}
{"level":"info","event":0,"ip":"2606:4700:a0::2","connIndex":0,"time":"2026-07-20T16:36:53Z","message":"Retrying connection in up to 4s"}
{"level":"info","event":0,"ip":"198.41.192.27","connIndex":0,"time":"2026-07-20T16:36:53Z","message":"Tunnel connection curve preferences: [X25519MLKEM768 CurveID(65074) CurveP256]"}
{"level":"info","event":0,"connection":"9e691e7d-abc5-4c92-b077-a1b4b6d919d9","connIndex":0,"location":"dfw13","ip":"198.41.192.27","protocol":"quic","time":"2026-07-20T16:36:54Z","message":"Registered tunnel connection"}
{"level":"info","event":0,"ip":"198.41.192.37","connIndex":0,"time":"2026-07-20T16:36:55Z","message":"Tunnel connection curve preferences: [X25519MLKEM768 CurveID(65074) CurveP256]"}
{"level":"info","event":0,"connection":"ec88fcf6-89b8-4085-b01c-29cdb76f22b3","connIndex":0,"location":"dfw09","ip":"198.41.192.37","protocol":"quic","time":"2026-07-20T16:36:56Z","message":"Registered tunnel connection"}
{"level":"error","event":0,"ip":"198.41.192.37","connIndex":0,"error":"timeout: no recent network activity","time":"2026-07-20T19:36:16Z","message":"failed to run the datagram handler"}
{"level":"error","event":0,"ip":"198.41.192.37","connIndex":0,"error":"failed to accept QUIC stream: timeout: no recent network activity","time":"2026-07-20T19:36:16Z","message":"failed to accept incoming stream requests"}
{"level":"error","event":0,"ip":"198.41.192.37","connIndex":0,"error":"datagram manager encountered a failure while serving","time":"2026-07-20T19:36:16Z","message":"failed to serve tunnel connection"}
{"level":"error","event":0,"ip":"198.41.192.37","connIndex":0,"error":"datagram manager encountered a failure while serving","time":"2026-07-20T19:36:16Z","message":"Serve tunnel error"}
{"level":"info","event":0,"ip":"198.41.192.37","connIndex":0,"time":"2026-07-20T19:36:16Z","message":"Retrying connection in up to 1s"}
{"level":"error","event":0,"ip":"198.41.192.27","connIndex":0,"error":"timeout: no recent network activity","time":"2026-07-20T19:36:17Z","message":"failed to run the datagram handler"}
{"level":"error","event":0,"ip":"198.41.192.27","connIndex":0,"error":"failed to accept QUIC stream: timeout: no recent network activity","time":"2026-07-20T19:36:17Z","message":"failed to accept incoming stream requests"}
{"level":"error","event":0,"ip":"198.41.192.27","connIndex":0,"error":"datagram manager encountered a failure while serving","time":"2026-07-20T19:36:17Z","message":"failed to serve tunnel connection"}
{"level":"error","event":0,"ip":"198.41.192.27","connIndex":0,"error":"datagram manager encountered a failure while serving","time":"2026-07-20T19:36:17Z","message":"Serve tunnel error"}
{"level":"info","event":0,"ip":"198.41.192.27","connIndex":0,"time":"2026-07-20T19:36:17Z","message":"Retrying connection in up to 1s"}
{"level":"info","event":0,"ip":"198.41.192.27","connIndex":0,"time":"2026-07-20T19:36:17Z","message":"Tunnel connection curve preferences: [X25519MLKEM768 CurveID(65074) CurveP256]"}
{"level":"info","event":0,"ip":"198.41.192.37","connIndex":0,"time":"2026-07-20T19:36:18Z","message":"Tunnel connection curve preferences: [X25519MLKEM768 CurveID(65074) CurveP256]"}
{"level":"error","event":0,"ip":"198.41.192.27","connIndex":0,"error":"failed to dial to edge with quic: timeout: no recent network activity","time":"2026-07-20T19:36:22Z","message":"Failed to dial a quic connection"}
{"level":"info","event":0,"ip":"198.41.192.27","connIndex":0,"time":"2026-07-20T19:36:22Z","message":"Retrying connection in up to 4s"}
{"level":"error","event":0,"ip":"198.41.192.37","connIndex":0,"error":"failed to dial to edge with quic: timeout: no recent network activity","time":"2026-07-20T19:36:23Z","message":"Failed to dial a quic connection"}
{"level":"info","event":0,"ip":"198.41.192.37","connIndex":0,"time":"2026-07-20T19:36:23Z","message":"Retrying connection in up to 4s"}
{"level":"info","event":0,"ip":"2606:4700:a8::3","connIndex":0,"time":"2026-07-20T19:36:24Z","message":"Tunnel connection curve preferences: [X25519MLKEM768 CurveID(65074) CurveP256]"}
{"level":"info","event":0,"ip":"2606:4700:a8::8","connIndex":0,"time":"2026-07-20T19:36:25Z","message":"Tunnel connection curve preferences: [X25519MLKEM768 CurveID(65074) CurveP256]"}
{"level":"info","event":0,"connection":"76877775-c1df-483e-8476-e32ff6fad83c","connIndex":0,"location":"mci01","ip":"2606:4700:a8::3","protocol":"quic","time":"2026-07-20T19:36:28Z","message":"Registered tunnel connection"}
{"level":"info","event":0,"connection":"8a43fab4-8093-42fb-a963-4ac4aa908b71","connIndex":0,"location":"mci01","ip":"2606:4700:a8::8","protocol":"quic","time":"2026-07-20T19:36:28Z","message":"Registered tunnel connection"}
{"level":"error","event":0,"ip":"2606:4700:a8::3","connIndex":0,"error":"timeout: no recent network activity","time":"2026-07-20T19:52:51Z","message":"failed to run the datagram handler"}
{"level":"error","event":0,"ip":"2606:4700:a8::3","connIndex":0,"error":"failed to accept QUIC stream: timeout: no recent network activity","time":"2026-07-20T19:52:51Z","message":"failed to accept incoming stream requests"}
{"level":"error","event":0,"ip":"2606:4700:a8::3","connIndex":0,"error":"datagram manager encountered a failure while serving","time":"2026-07-20T19:52:51Z","message":"failed to serve tunnel connection"}
{"level":"error","event":0,"ip":"2606:4700:a8::3","connIndex":0,"error":"datagram manager encountered a failure while serving","time":"2026-07-20T19:52:51Z","message":"Serve tunnel error"}
{"level":"info","event":0,"ip":"2606:4700:a8::3","connIndex":0,"time":"2026-07-20T19:52:51Z","message":"Retrying connection in up to 1s"}
{"level":"info","event":0,"ip":"2606:4700:a8::3","connIndex":0,"time":"2026-07-20T19:52:52Z","message":"Tunnel connection curve preferences: [X25519MLKEM768 CurveID(65074) CurveP256]"}
{"level":"info","event":0,"connection":"b23c7431-1cba-41a5-85d0-6a7db782ef41","connIndex":0,"location":"mci01","ip":"2606:4700:a8::3","protocol":"quic","time":"2026-07-20T19:52:52Z","message":"Registered tunnel connection"}
{"level":"error","event":0,"ip":"2606:4700:a8::3","connIndex":0,"error":"timeout: no recent network activity","time":"2026-07-20T19:53:02Z","message":"failed to run the datagram handler"}
{"level":"error","event":0,"ip":"2606:4700:a8::3","connIndex":0,"error":"failed to accept QUIC stream: timeout: no recent network activity","time":"2026-07-20T19:53:02Z","message":"failed to accept incoming stream requests"}
{"level":"error","event":0,"ip":"2606:4700:a8::3","connIndex":0,"error":"datagram manager encountered a failure while serving","time":"2026-07-20T19:53:02Z","message":"failed to serve tunnel connection"}
{"level":"error","event":0,"ip":"2606:4700:a8::3","connIndex":0,"error":"datagram manager encountered a failure while serving","time":"2026-07-20T19:53:02Z","message":"Serve tunnel error"}
{"level":"info","event":0,"ip":"2606:4700:a8::3","connIndex":0,"time":"2026-07-20T19:53:02Z","message":"Retrying connection in up to 1s"}
{"level":"error","event":0,"ip":"2606:4700:a8::8","connIndex":0,"error":"timeout: no recent network activity","time":"2026-07-20T19:53:02Z","message":"failed to run the datagram handler"}
{"level":"error","event":0,"ip":"2606:4700:a8::8","connIndex":0,"error":"failed to accept QUIC stream: timeout: no recent network activity","time":"2026-07-20T19:53:02Z","message":"failed to accept incoming stream requests"}
{"level":"error","event":0,"ip":"2606:4700:a8::8","connIndex":0,"error":"datagram manager encountered a failure while serving","time":"2026-07-20T19:53:02Z","message":"failed to serve tunnel connection"}
{"level":"error","event":0,"ip":"2606:4700:a8::8","connIndex":0,"error":"datagram manager encountered a failure while serving","time":"2026-07-20T19:53:02Z","message":"Serve tunnel error"}
{"level":"info","event":0,"ip":"2606:4700:a8::8","connIndex":0,"time":"2026-07-20T19:53:02Z","message":"Retrying connection in up to 1s"}
{"level":"info","event":0,"ip":"2606:4700:a8::3","connIndex":0,"time":"2026-07-20T19:53:03Z","message":"Tunnel connection curve preferences: [X25519MLKEM768 CurveID(65074) CurveP256]"}
{"level":"info","event":0,"ip":"2606:4700:a8::8","connIndex":0,"time":"2026-07-20T19:53:03Z","message":"Tunnel connection curve preferences: [X25519MLKEM768 CurveID(65074) CurveP256]"}
{"level":"error","event":0,"ip":"2606:4700:a8::3","connIndex":0,"error":"failed to dial to edge with quic: timeout: no recent network activity","time":"2026-07-20T19:53:08Z","message":"Failed to dial a quic connection"}
{"level":"info","event":0,"ip":"2606:4700:a8::3","connIndex":0,"time":"2026-07-20T19:53:08Z","message":"Retrying connection in up to 4s"}
{"level":"error","event":0,"ip":"2606:4700:a8::8","connIndex":0,"error":"failed to dial to edge with quic: timeout: no recent network activity","time":"2026-07-20T19:53:08Z","message":"Failed to dial a quic connection"}
{"level":"info","event":0,"ip":"2606:4700:a8::8","connIndex":0,"time":"2026-07-20T19:53:08Z","message":"Retrying connection in up to 4s"}
{"level":"info","event":0,"ip":"2606:4700:a0::8","connIndex":0,"time":"2026-07-20T19:53:11Z","message":"Tunnel connection curve preferences: [X25519MLKEM768 CurveID(65074) CurveP256]"}
{"level":"info","event":0,"ip":"2606:4700:a0::8","connIndex":0,"time":"2026-07-20T19:53:12Z","message":"Tunnel connection curve preferences: [X25519MLKEM768 CurveID(65074) CurveP256]"}
{"level":"info","event":0,"connection":"3b3236d7-4a7b-4522-82ac-cdaad7ead2e8","connIndex":0,"location":"dfw15","ip":"2606:4700:a0::8","protocol":"quic","time":"2026-07-20T19:53:15Z","message":"Registered tunnel connection"}
{"level":"error","event":0,"ip":"2606:4700:a0::8","connIndex":0,"error":"failed to dial to edge with quic: timeout: no recent network activity","time":"2026-07-20T19:53:16Z","message":"Failed to dial a quic connection"}
{"level":"info","event":0,"ip":"2606:4700:a0::8","connIndex":0,"time":"2026-07-20T19:53:16Z","message":"Retrying connection in up to 8s"}
{"level":"info","event":0,"ip":"198.41.200.23","connIndex":0,"time":"2026-07-20T19:53:21Z","message":"Tunnel connection curve preferences: [X25519MLKEM768 CurveID(65074) CurveP256]"}
{"level":"info","event":0,"connection":"45cf2918-0720-434e-91a1-b28259f17020","connIndex":0,"location":"mci03","ip":"198.41.200.23","protocol":"quic","time":"2026-07-20T19:53:22Z","message":"Registered tunnel connection"}
{"level":"error","event":0,"ip":"2606:4700:a0::8","connIndex":0,"error":"failed to accept QUIC stream: timeout: no recent network activity","time":"2026-07-20T20:05:54Z","message":"failed to accept incoming stream requests"}
{"level":"error","event":0,"ip":"2606:4700:a0::8","connIndex":0,"error":"timeout: no recent network activity","time":"2026-07-20T20:05:54Z","message":"failed to run the datagram handler"}
{"level":"error","event":0,"ip":"2606:4700:a0::8","connIndex":0,"error":"accept stream listener encountered a failure while serving","time":"2026-07-20T20:05:54Z","message":"failed to serve tunnel connection"}
{"level":"error","event":0,"ip":"2606:4700:a0::8","connIndex":0,"error":"accept stream listener encountered a failure while serving","time":"2026-07-20T20:05:54Z","message":"Serve tunnel error"}
{"level":"info","event":0,"ip":"2606:4700:a0::8","connIndex":0,"time":"2026-07-20T20:05:54Z","message":"Retrying connection in up to 1s"}
{"level":"info","event":0,"ip":"2606:4700:a0::8","connIndex":0,"time":"2026-07-20T20:05:54Z","message":"Tunnel connection curve preferences: [X25519MLKEM768 CurveID(65074) CurveP256]"}
{"level":"error","event":0,"ip":"2606:4700:a0::8","connIndex":0,"error":"failed to dial to edge with quic: timeout: no recent network activity","time":"2026-07-20T20:05:59Z","message":"Failed to dial a quic connection"}
{"level":"info","event":0,"ip":"2606:4700:a0::8","connIndex":0,"time":"2026-07-20T20:05:59Z","message":"Retrying connection in up to 4s"}
{"level":"info","event":0,"ip":"198.41.200.113","connIndex":0,"time":"2026-07-20T20:06:01Z","message":"Tunnel connection curve preferences: [X25519MLKEM768 CurveID(65074) CurveP256]"}
{"level":"info","event":0,"connection":"749db58e-2ff1-4173-8879-b86d0e8c7467","connIndex":0,"location":"mci03","ip":"198.41.200.113","protocol":"quic","time":"2026-07-20T20:06:01Z","message":"Registered tunnel connection"}
